{'city': 'CHICAGO/WEST CHICAGO',
 'city_remark': None,
 'county': 'DU PAGE',
 'county_remark': None,
 'countys_state': 'IL',
 'effective_date': '2025-10-30',
 'faa_id': 'DPA',
 'facility_type': 'AIRPORT',
 'field_office': 'CHI',
 'icao_id': 'KDPA',
 'name': 'DUPAGE',
 'name_remark': None,
 'region': 'AGL',
 'state_code': 'IL',
 'state_name': 'ILLINOIS'}
{'city': 'CHICAGO/WEST CHICAGO',
 'city_remark': None,
 'county': 'DU PAGE',
 'county_remark': None,
 'countys_state': 'IL',
 'effective_date': '2025-10-30',
 'faa_id': 'DPA',
 'facility_type': 'AIRPORT',
 'field_office': 'CHI',
 'icao_id': 'KDPA',
 'name': 'DUPAGE',
 'name_remark': None,
 'region': 'AGL',
 'state_code': 'IL',
 'state_name': 'ILLINOIS'}
{'city': 'CHICAGO/WEST CHICAGO',
 'city_remark': None,
 'county': 'DU PAGE',
 'county_remark': None,
 'countys_state': 'IL',
 'effective_date': '2025-10-30',
 'faa_id': 'DPA',
 'facility_type': 'AIRPORT',
 'field_office': 'CHI',
 'icao_id': 'KDPA',
 'name': 'DUPAGE',
 'name_remark': None,
 'region': 'AGL',
 'state_code': 'IL',
 'state_name': 'ILLINOIS'}
{'city': 'CHICAGO/LAKE IN THE HILLS',
 'city_remark': None,
 'county': 'MC HENRY',
 'county_remark': None,
 'countys_state': 'IL',
 'effective_date': '2025-10-30',
 'faa_id': '3CK',
 'facility_type': 'AIRPORT',
 'field_office': 'CHI',
 'icao_id': None,
 'name': 'LAKE IN THE HILLS',
 'name_remark': None,
 'region': 'AGL',
 'state_code': 'IL',
 'state_name': 'ILLINOIS'}
{'effective_date': '2025-10-30',
 'faa_id': 'SSI',
 'facility_type': 'AIRPORT',
 'icao_id': 'KSSI',
 'name': 'ST SIMONS ISLAND',
 'name_remark': None}
{'city': 'NAPERVILLE',
 'city_remark': None,
 'county': 'DU PAGE',
 'county_remark': None,
 'countys_state': 'IL',
 'effective_date': '2025-10-30',
 'faa_id': 'LL10',
 'facility_type': 'AIRPORT',
 'field_office': 'CHI',
 'icao_id': None,
 'name': 'NAPER AERO CLUB',
 'name_remark': None,
 'region': 'AGL',
 'runways': [{'edge_light_intensity': None,
              'edge_light_intensity_remark': None,
              'length': 1750,
              'length_remark': None,
              'name': '09/27',
              'name_remark': None,
              'pavement_classification_number': None,
              'pavement_classification_number_remark': None,
              'surface_treatment': 'NONE',
              'surface_treatment_remark': None,
              'surface_type_condition': 'TURF',
              'surface_type_condition_remark': None,
              'width': 70,
              'width_remark': None},
             {'edge_light_intensity': 'LOW',
              'edge_light_intensity_remark': None,
              'length': 2537,
              'length_remark': None,
              'name': '18/36',
              'name_remark': None,
              'pavement_classification_number': None,
              'pavement_classification_number_remark': None,
              'surface_treatment': 'NONE',
              'surface_treatment_remark': None,
              'surface_type_condition': 'ASPH',
              'surface_type_condition_remark': 'SLIPPERY WHEN WET.',
              'width': 30,
              'width_remark': None}],
 'state_code': 'IL',
 'state_name': 'ILLINOIS'}
{'edge_light_intensity': 'LOW',
 'edge_light_intensity_remark': None,
 'length': 2537,
 'length_remark': None,
 'length_source': 'ARPTS CONTRACTOR',
 'length_source_date': '2014-12-04',
 'name': '18/36',
 'name_remark': None,
 'pavement_classification_number': None,
 'pavement_classification_number_remark': None,
 'runway_ends': [{'approach_type': None,
                  'id': '18',
                  'id_remark': None,
                  'markings_condition': None,
                  'markings_remark': None,
                  'markings_type': None,
                  'right_traffic': False,
                  'right_traffic_remark': None,
                  'true_alignment': None,
                  'true_alignment_remark': None},
                 {'approach_type': None,
                  'id': '36',
                  'id_remark': None,
                  'markings_condition': None,
                  'markings_remark': None,
                  'markings_type': None,
                  'right_traffic': False,
                  'right_traffic_remark': None,
                  'true_alignment': None,
                  'true_alignment_remark': None}],
 'surface_treatment': 'NONE',
 'surface_treatment_remark': None,
 'surface_type_condition': 'ASPH',
 'surface_type_condition_remark': 'SLIPPERY WHEN WET.',
 'weight_bearing_capacity_dual_wheels': None,
 'weight_bearing_capacity_dual_wheels_remark': None,
 'weight_bearing_capacity_single_wheel': None,
 'weight_bearing_capacity_single_wheel_remark': None,
 'weight_bearing_capacity_two_dual_wheels_double_tandem': None,
 'weight_bearing_capacity_two_dual_wheels_double_tandem_remark': None,
 'weight_bearing_capacity_two_dual_wheels_tandem': None,
 'weight_bearing_capacity_two_dual_wheels_tandem_remark': None,
 'width': 30,
 'width_remark': None}
{'approach_light_system': None,
 'approach_light_system_remark': None,
 'approach_type': None,
 'centerline_light_availability': None,
 'centerline_light_availability_remark': None,
 'displaced_threshold_elevation': 707.0,
 'displaced_threshold_latitude_dms': '41-44-00.3900N',
 'displaced_threshold_latitude_dms_remark': None,
 'displaced_threshold_latitude_secs': '150240.3900N',
 'displaced_threshold_length': 233,
 'displaced_threshold_length_remark': None,
 'displaced_threshold_longitude_dms': '088-12-10.1200W',
 'displaced_threshold_longitude_dms_remark': None,
 'displaced_threshold_longitude_secs': '317530.1200W',
 'elevation': 705.3,
 'elevation_remark': None,
 'id': '36',
 'id_remark': None,
 'latitude_dms': '41-43-58.0900N',
 'latitude_dms_remark': None,
 'latitude_secs': '150238.0900N',
 'longitude_dms': '088-12-10.1600W',
 'longitude_dms_remark': None,
 'longitude_secs': '317530.1600W',
 'markings_condition': None,
 'markings_remark': None,
 'markings_type': None,
 'reil_availability': None,
 'reil_availability_remark': None,
 'right_traffic': False,
 'right_traffic_remark': None,
 'rvr_equipment': None,
 'rvr_equipment_remark': None,
 'rvv_equipment': None,
 'threshold_crossing_height': 25,
 'threshold_crossing_height_remark': None,
 'touchdown_lights_availability': None,
 'touchdown_lights_availability_remark': None,
 'touchdown_zone_elevation': 709.1,
 'true_alignment': None,
 'true_alignment_remark': None,
 'visual_glide_path_angle': 3.25,
 'visual_glide_path_angle_remark': None,
 'visual_glide_slope_indicators': 'V2L',
 'visual_glide_slope_indicators_remark': None}
<Navaid(name=JOLIET, id=JOT, type=VOR/DME)>
